<?xml version="1.0" encoding="UTF-8"?>
<!-- Generated by org.testng.reporters.JUnitReportReporter -->
<testsuite hostname="user" failures="0" tests="1" name="com.iphone.iphoexr.ShoppingTest" time="16.234" errors="0" timestamp="2021-12-06T00:52:50 IST" skipped="0">
  <testcase classname="com.iphone.iphoexr.ShoppingTest" name="verifyAddToCart" time="16.234"/>
  <system-out>
    <![CDATA[Verification  done  Actual data  is =testdemowebshop@gmail.com VS expected is testdemowebshop@gmail.com
Verification  done  Actual data  is =The product has been added to your shopping cart VS expected is The product has been added to your  
Verification  done  Actual data  is =shopping cart VS expected is shopping cart]]>
  </system-out>
</testsuite> <!-- com.iphone.iphoexr.ShoppingTest -->
