<?xml version="1.0" encoding="UTF-8"?>
<!-- Generated by org.testng.reporters.JUnitReportReporter -->
<testsuite skipped="0" hostname="DESKTOP-7J63QHS" name="com.trip.tripadvisor.TripAdvisorTest" tests="1" failures="0" timestamp="25 Dec 2019 13:04:57 GMT" time="57.297" errors="0">
  <testcase name="tripReviewTest" time="57.297" classname="com.trip.tripadvisor.TripAdvisorTest"/>
</testsuite> <!-- com.trip.tripadvisor.TripAdvisorTest -->
