<?xml version="1.0" encoding="UTF-8"?>
<!-- Generated by org.testng.reporters.JUnitReportReporter -->
<testsuite skipped="0" hostname="DESKTOP-7J63QHS" name="com.iphone.iphoexr.IPhonePriceTest" tests="1" failures="0" timestamp="25 Dec 2019 13:16:50 GMT" time="117.271" errors="0">
  <testcase name="priceTest" time="117.271" classname="com.iphone.iphoexr.IPhonePriceTest"/>
</testsuite> <!-- com.iphone.iphoexr.IPhonePriceTest -->
